<?xml version="1.0" encoding="UTF-8"?>
<testsuite name="models.UserDataTest" tests="2" skipped="0" failures="0" errors="0" timestamp="2017-08-16T07:13:59" hostname="MacBook-Pro-de-Felipe.local" time="0.03">
  <properties/>
  <testcase name="testAddUser" classname="models.UserDataTest" time="0.008"/>
  <testcase name="testUserNotExists" classname="models.UserDataTest" time="0.011"/>
  <system-out><![CDATA[]]></system-out>
  <system-err><![CDATA[]]></system-err>
</testsuite>
